Command line:
   simu1_isim_beh.exe
     -simmode  gui
     -simrunnum  0
     -socket  56423

Sun Oct 11 17:03:29 2015


 Elaboration Time: 0.03125 sec

 Current Memory Usage: 362.025 Meg

 Total Signals          : 6
 Total Nets             : 12
 Total Signal Drivers   : 3
 Total Blocks           : 5
 Total Primitive Blocks : 4
 Total Processes        : 2
 Total Traceable Variables  : 11
 Total Scalar Nets and Variables : 391
Total Line Count : 19

 Total Simulation Time: 0.046875 sec

 Current Memory Usage: 676.614 Meg

Sun Oct 11 17:04:32 2015

