Running: D:\Desarrollo\14.7\ISE_DS\ISE\bin\nt64\unwrapped\fuse.exe -intstyle ise -incremental -lib simprims_ver -lib unisims_ver -lib unimacro_ver -lib xilinxcorelib_ver -o D:/Kadaiser/Documents/GitHub/TOC/proyecto1/simu1_isim_par.exe -prj D:/Kadaiser/Documents/GitHub/TOC/proyecto1/simu1_par.prj work.simu1 work.glbl 
ISim P.20131013 (signature 0x7708f090)
Number of CPUs detected in this system: 8
Turning on mult-threading, number of parallel sub-compilation jobs: 16 
Determining compilation order of HDL files
Analyzing Verilog file "D:/Kadaiser/Documents/GitHub/TOC/proyecto1/netgen/par/sumador_timesim.v" into library work
Parsing VHDL file "D:/Kadaiser/Documents/GitHub/TOC/proyecto1/simu1.vhd" into library work
Starting static elaboration
Completed static elaboration
Compiling module glbl
Compiling module X_IPAD
Compiling module X_BUF
Compiling module X_OPAD
Compiling module X_OBUF
Compiling module mux
Compiling module X_MUX2
Compiling module X_LUT4(INIT=16'b1001011001100110...
Compiling module X_ONE
Compiling module sumador
Compiling package standard
Compiling package std_logic_1164
Compiling package vl_types
Compiling architecture behavior of entity simu1
Time Resolution for simulation is 1ps.
Waiting for 1 sub-compilation(s) to finish...
Compiled 4 VHDL Units
Compiled 41 Verilog Units
Built simulation executable D:/Kadaiser/Documents/GitHub/TOC/proyecto1/simu1_isim_par.exe
Fuse Memory Usage: 30480 KB
Fuse CPU Usage: 514 ms
