--------------------------------------------------------------------------------
Release 14.7 Trace  (nt64)
Copyright (c) 1995-2013 Xilinx, Inc.  All rights reserved.

D:\Desarrollo\14.7\ISE_DS\ISE\bin\nt64\unwrapped\trce.exe -intstyle ise -v 3 -s
5 -n 3 -fastpaths -xml sumador.twx sumador.ncd -o sumador.twr sumador.pcf

Design file:              sumador.ncd
Physical constraint file: sumador.pcf
Device,package,speed:     xc3s1000,ft256,-5 (PRODUCTION 1.39 2013-10-13)
Report level:             verbose report

Environment Variable      Effect 
--------------------      ------ 
NONE                      No environment variables were set
--------------------------------------------------------------------------------

INFO:Timing:2698 - No timing constraints found, doing default enumeration.
INFO:Timing:3412 - To improve timing, see the Timing Closure User Guide (UG612).
INFO:Timing:2752 - To get complete path coverage, use the unconstrained paths 
   option. All paths that are not constrained will be reported in the 
   unconstrained paths section(s) of the report.
INFO:Timing:3339 - The clock-to-out numbers in this timing report are based on 
   a 50 Ohm transmission line loading model.  For the details of this model, 
   and for more information on accounting for different loading conditions, 
   please see the device datasheet.
INFO:Timing:3390 - This architecture does not support a default System Jitter 
   value, please add SYSTEM_JITTER constraint to the UCF to modify the Clock 
   Uncertainty calculation.
INFO:Timing:3389 - This architecture does not support 'Discrete Jitter' and 
   'Phase Error' calculations, these terms will be zero in the Clock 
   Uncertainty calculation.  Please make appropriate modification to 
   SYSTEM_JITTER to account for the unsupported Discrete Jitter and Phase 
   Error.



Data Sheet report:
-----------------
All values displayed in nanoseconds (ns)

Pad to Pad
---------------+---------------+---------+
Source Pad     |Destination Pad|  Delay  |
---------------+---------------+---------+
A<0>           |C<0>           |    6.601|
A<0>           |C<1>           |    6.890|
A<0>           |C<2>           |    7.376|
A<0>           |C<3>           |    8.208|
A<1>           |C<1>           |    6.880|
A<1>           |C<2>           |    7.382|
A<1>           |C<3>           |    8.214|
A<2>           |C<2>           |    7.082|
A<2>           |C<3>           |    7.253|
A<3>           |C<3>           |    7.433|
B<0>           |C<0>           |    6.702|
B<0>           |C<1>           |    7.059|
B<0>           |C<2>           |    7.184|
B<0>           |C<3>           |    8.016|
B<1>           |C<1>           |    7.047|
B<1>           |C<2>           |    7.235|
B<1>           |C<3>           |    8.067|
B<2>           |C<2>           |    7.437|
B<2>           |C<3>           |    7.830|
B<3>           |C<3>           |    7.736|
---------------+---------------+---------+


Analysis completed Sun Oct 11 17:13:55 2015 
--------------------------------------------------------------------------------

Trace Settings:
-------------------------
Trace Settings 

Peak Memory Usage: 154 MB



