Running: D:\Desarrollo\Xilinx\14.7\ISE_DS\ISE\bin\nt64\unwrapped\fuse.exe -intstyle ise -incremental -o E:/Divisor-VHDL-master/DivisorGenerico/tb_divider_isim_beh.exe -prj E:/Divisor-VHDL-master/DivisorGenerico/tb_divider_beh.prj work.tb_divider 
ISim P.20131013 (signature 0x7708f090)
Number of CPUs detected in this system: 8
Turning on mult-threading, number of parallel sub-compilation jobs: 16 
Determining compilation order of HDL files
Parsing VHDL file "E:/Divisor-VHDL-master/DivisorGenerico/uc.vhd" into library work
Parsing VHDL file "E:/Divisor-VHDL-master/DivisorGenerico/cd.vhd" into library work
Parsing VHDL file "E:/Divisor-VHDL-master/DivisorGenerico/divider.vhd" into library work
Parsing VHDL file "E:/Divisor-VHDL-master/DivisorGenerico/test_div.vhd" into library work
Starting static elaboration
Completed static elaboration
Compiling package standard
Compiling package std_logic_1164
Compiling package numeric_std
Compiling architecture rtl of entity cd [\cd(6)\]
Compiling architecture rtl of entity uc [uc_default]
Compiling architecture struct of entity divider [\divider(6)\]
Compiling architecture beh of entity tb_divider
Time Resolution for simulation is 1ps.
Compiled 10 VHDL Units
Built simulation executable E:/Divisor-VHDL-master/DivisorGenerico/tb_divider_isim_beh.exe
Fuse Memory Usage: 34472 KB
Fuse CPU Usage: 1968 ms
