Command line:
   tb_adder_isim_beh.exe
     -simmode  gui
     -simrunnum  0
     -socket  57558

Tue Nov 10 17:33:22 2015


 Elaboration Time: 0.015625 sec

 Current Memory Usage: 361.345 Meg

 Total Signals          : 14
 Total Nets             : 63
 Total Signal Drivers   : 10
 Total Blocks           : 5
 Total Primitive Blocks : 4
 Total Processes        : 7
 Total Traceable Variables  : 15
 Total Scalar Nets and Variables : 548
Total Line Count : 43

 Total Simulation Time: 0.015625 sec

 Current Memory Usage: 361.345 Meg

Tue Nov 10 17:33:25 2015

