ISim log file
Running: C:\hlocal\TOC-master\TOC-master\proyecto1\simu1_isim_par.exe -intstyle ise -gui -tclbatch isim.cmd -wdb C:/hlocal/TOC-master/TOC-master/proyecto1/simu1_isim_par.wdb 
ISim P.15xf (signature 0xc3576ebc)
----------------------------------------------------------------------
INFO:Security:50 - The XILINXD_LICENSE_FILE environment variable is set to 'C:\software\electronica\xilinx\14.1\ISE_DS\common\licenses\xilinx.lic'.
INFO:Security:52 - The LM_LICENSE_FILE environment variable is set to '1717@fdilicencias1;2100@fdilicencias1'.
WARNING:Security:43 - No license file was found in the standard Xilinx license directory.
WARNING:Security:44 - Since no license file was found,
       please run the Xilinx License Configuration Manager
       (xlcm or "Manage Xilinx Licenses")
       to assist in obtaining a license.
WARNING:Security:42 - Your software subscription period has lapsed. Your current version of Xilinx tools will continue to function, but you no longer qualify for Xilinx software updates or new releases.


----------------------------------------------------------------------
This is a Full version of ISim.
Time resolution is 1 ps
# onerror resume
# wave add /
# run 1000 ns
Simulator is doing circuit initialization process.
INFO: SDF backannotation was successful with SDF file netgen/par/sumador_timesim.sdf, for root module /simu1/uut/.
Finished circuit initialization process.
