--------------------------------------------------------------------------------
Release 14.1 Trace  (nt64)
Copyright (c) 1995-2012 Xilinx, Inc.  All rights reserved.

C:\software\electronica\xilinx\14.1\ISE_DS\ISE\bin\nt64\unwrapped\trce.exe
-intstyle ise -v 3 -s 5 -n 3 -fastpaths -xml sumador.twx sumador.ncd -o
sumador.twr sumador.pcf -ucf pines.ucf

Design file:              sumador.ncd
Physical constraint file: sumador.pcf
Device,package,speed:     xc3s1000,ft256,-5 (PRODUCTION 1.39 2012-04-23)
Report level:             verbose report

Environment Variable      Effect 
--------------------      ------ 
NONE                      No environment variables were set
--------------------------------------------------------------------------------

INFO:Timing:2698 - No timing constraints found, doing default enumeration.
INFO:Timing:3412 - To improve timing, see the Timing Closure User Guide (UG612).
INFO:Timing:2752 - To get complete path coverage, use the unconstrained paths 
   option. All paths that are not constrained will be reported in the 
   unconstrained paths section(s) of the report.
INFO:Timing:3339 - The clock-to-out numbers in this timing report are based on 
   a 50 Ohm transmission line loading model.  For the details of this model, 
   and for more information on accounting for different loading conditions, 
   please see the device datasheet.
INFO:Timing:3390 - This architecture does not support a default System Jitter 
   value, please add SYSTEM_JITTER constraint to the UCF to modify the Clock 
   Uncertainty calculation.
INFO:Timing:3389 - This architecture does not support 'Discrete Jitter' and 
   'Phase Error' calculations, these terms will be zero in the Clock 
   Uncertainty calculation.  Please make appropriate modification to 
   SYSTEM_JITTER to account for the unsupported Discrete Jitter and Phase 
   Error.



Data Sheet report:
-----------------
All values displayed in nanoseconds (ns)

Pad to Pad
---------------+---------------+---------+
Source Pad     |Destination Pad|  Delay  |
---------------+---------------+---------+
A<0>           |C<0>           |   10.612|
A<0>           |C<1>           |   10.909|
A<0>           |C<2>           |   12.019|
A<0>           |C<3>           |   13.702|
A<1>           |C<1>           |    9.401|
A<1>           |C<2>           |    9.865|
A<1>           |C<3>           |   11.548|
A<2>           |C<2>           |   10.498|
A<2>           |C<3>           |   10.612|
A<3>           |C<3>           |   10.915|
B<0>           |C<0>           |   10.577|
B<0>           |C<1>           |   10.823|
B<0>           |C<2>           |   12.114|
B<0>           |C<3>           |   13.797|
B<1>           |C<1>           |   11.008|
B<1>           |C<2>           |   11.099|
B<1>           |C<3>           |   12.782|
B<2>           |C<2>           |   11.549|
B<2>           |C<3>           |   11.792|
B<3>           |C<3>           |   13.152|
---------------+---------------+---------+


Analysis completed Tue Oct 13 14:41:48 2015 
--------------------------------------------------------------------------------

Trace Settings:
-------------------------
Trace Settings 

Peak Memory Usage: 168 MB



