Release 14.7 - xst P.20131013 (nt64)
Copyright (c) 1995-2013 Xilinx, Inc.  All rights reserved.
--> Parameter TMPDIR set to xst/projnav.tmp


Total REAL time to Xst completion: 0.00 secs
Total CPU time to Xst completion: 0.09 secs
 
--> Parameter xsthdpdir set to xst


Total REAL time to Xst completion: 0.00 secs
Total CPU time to Xst completion: 0.09 secs
 
--> Reading design: carrylookahead2.prj

TABLE OF CONTENTS
  1) Synthesis Options Summary
  2) HDL Compilation
  3) Design Hierarchy Analysis
  4) HDL Analysis
  5) HDL Synthesis
     5.1) HDL Synthesis Report
  6) Advanced HDL Synthesis
     6.1) Advanced HDL Synthesis Report
  7) Low Level Synthesis
  8) Partition Report
  9) Final Report
	9.1) Device utilization summary
	9.2) Partition Resource Summary
	9.3) TIMING REPORT


=========================================================================
*                      Synthesis Options Summary                        *
=========================================================================
---- Source Parameters
Input File Name                    : "carrylookahead2.prj"
Input Format                       : mixed
Ignore Synthesis Constraint File   : NO

---- Target Parameters
Output File Name                   : "carrylookahead2"
Output Format                      : NGC
Target Device                      : xc3s1000-5-ft256

---- Source Options
Top Module Name                    : carrylookahead2
Automatic FSM Extraction           : YES
FSM Encoding Algorithm             : Auto
Safe Implementation                : No
FSM Style                          : LUT
RAM Extraction                     : Yes
RAM Style                          : Auto
ROM Extraction                     : Yes
Mux Style                          : Auto
Decoder Extraction                 : YES
Priority Encoder Extraction        : Yes
Shift Register Extraction          : YES
Logical Shifter Extraction         : YES
XOR Collapsing                     : YES
ROM Style                          : Auto
Mux Extraction                     : Yes
Resource Sharing                   : YES
Asynchronous To Synchronous        : NO
Multiplier Style                   : Auto
Automatic Register Balancing       : No

---- Target Options
Add IO Buffers                     : YES
Global Maximum Fanout              : 100000
Add Generic Clock Buffer(BUFG)     : 8
Register Duplication               : YES
Slice Packing                      : YES
Optimize Instantiated Primitives   : NO
Use Clock Enable                   : Yes
Use Synchronous Set                : Yes
Use Synchronous Reset              : Yes
Pack IO Registers into IOBs        : Auto
Equivalent register Removal        : YES

---- General Options
Optimization Goal                  : Speed
Optimization Effort                : 1
Keep Hierarchy                     : No
Netlist Hierarchy                  : As_Optimized
RTL Output                         : Yes
Global Optimization                : AllClockNets
Read Cores                         : YES
Write Timing Constraints           : NO
Cross Clock Analysis               : NO
Hierarchy Separator                : /
Bus Delimiter                      : <>
Case Specifier                     : Maintain
Slice Utilization Ratio            : 100
BRAM Utilization Ratio             : 100
Verilog 2001                       : YES
Auto BRAM Packing                  : NO
Slice Utilization Ratio Delta      : 5

=========================================================================


=========================================================================
*                          HDL Compilation                              *
=========================================================================
Compiling vhdl file "D:/Kadaiser/Documents/GitHub/TOC/Practica 3/uaalvl1.vhd" in Library work.
Architecture behavioral of Entity uaa1 is up to date.
Compiling vhdl file "D:/Kadaiser/Documents/GitHub/TOC/Practica 3/uaalvl2.vhd" in Library work.
Architecture behavioral of Entity uaa2 is up to date.
Compiling vhdl file "D:/Kadaiser/Documents/GitHub/TOC/Practica 3/FullAdderGP.vhd" in Library work.
Architecture behavioral of Entity fagp is up to date.
Compiling vhdl file "D:/Kadaiser/Documents/GitHub/TOC/Practica 3/carrylookahead2.vhd" in Library work.
Entity <carrylookahead2> (Architecture <arch_add16_2uaa>) compiled.

=========================================================================
*                     Design Hierarchy Analysis                         *
=========================================================================
Analyzing hierarchy for entity <carrylookahead2> in library <work> (architecture <arch_add16_2uaa>) with generics.
	N = 16

Analyzing hierarchy for entity <uaa1> in library <work> (architecture <behavioral>) with generics.
	n = 3

Analyzing hierarchy for entity <uaa2> in library <work> (architecture <behavioral>) with generics.
	n = 3

Analyzing hierarchy for entity <FAGP> in library <work> (architecture <behavioral>).


=========================================================================
*                            HDL Analysis                               *
=========================================================================
Analyzing generic Entity <carrylookahead2> in library <work> (Architecture <arch_add16_2uaa>).
	N = 16
Entity <carrylookahead2> analyzed. Unit <carrylookahead2> generated.

Analyzing generic Entity <uaa1> in library <work> (Architecture <behavioral>).
	n = 3
Entity <uaa1> analyzed. Unit <uaa1> generated.

Analyzing generic Entity <uaa2> in library <work> (Architecture <behavioral>).
	n = 3
Entity <uaa2> analyzed. Unit <uaa2> generated.

Analyzing Entity <FAGP> in library <work> (Architecture <behavioral>).
Entity <FAGP> analyzed. Unit <FAGP> generated.


=========================================================================
*                           HDL Synthesis                               *
=========================================================================

Performing bidirectional port resolution...

Synthesizing Unit <uaa1>.
    Related source file is "D:/Kadaiser/Documents/GitHub/TOC/Practica 3/uaalvl1.vhd".
Unit <uaa1> synthesized.


Synthesizing Unit <uaa2>.
    Related source file is "D:/Kadaiser/Documents/GitHub/TOC/Practica 3/uaalvl2.vhd".
Unit <uaa2> synthesized.


Synthesizing Unit <FAGP>.
    Related source file is "D:/Kadaiser/Documents/GitHub/TOC/Practica 3/FullAdderGP.vhd".
    Found 1-bit xor2 for signal <p>.
    Found 1-bit xor2 for signal <s>.
Unit <FAGP> synthesized.


Synthesizing Unit <carrylookahead2>.
    Related source file is "D:/Kadaiser/Documents/GitHub/TOC/Practica 3/carrylookahead2.vhd".
Unit <carrylookahead2> synthesized.


=========================================================================
HDL Synthesis Report

Macro Statistics
# Xors                                                 : 32
 1-bit xor2                                            : 32

=========================================================================

=========================================================================
*                       Advanced HDL Synthesis                          *
=========================================================================


=========================================================================
Advanced HDL Synthesis Report

Macro Statistics
# Xors                                                 : 32
 1-bit xor2                                            : 32

=========================================================================

=========================================================================
*                         Low Level Synthesis                           *
=========================================================================

Optimizing unit <carrylookahead2> ...

Mapping all equations...
Building and optimizing final netlist ...
Found area constraint ratio of 100 (+ 5) on block carrylookahead2, actual ratio is 0.

Final Macro Processing ...

=========================================================================
Final Register Report

Found no macro
=========================================================================

=========================================================================
*                           Partition Report                            *
=========================================================================

Partition Implementation Status
-------------------------------

  No Partitions were found in this design.

-------------------------------

=========================================================================
*                            Final Report                               *
=========================================================================
Final Results
RTL Top Level Output File Name     : carrylookahead2.ngr
Top Level Output File Name         : carrylookahead2
Output Format                      : NGC
Optimization Goal                  : Speed
Keep Hierarchy                     : No

Design Statistics
# IOs                              : 50

Cell Usage :
# BELS                             : 59
#      LUT2                        : 7
#      LUT3                        : 9
#      LUT4                        : 35
#      MUXF5                       : 8
# IO Buffers                       : 50
#      IBUF                        : 33
#      OBUF                        : 17
=========================================================================

Device utilization summary:
---------------------------

Selected Device : 3s1000ft256-5 

 Number of Slices:                       28  out of   7680     0%  
 Number of 4 input LUTs:                 51  out of  15360     0%  
 Number of IOs:                          50
 Number of bonded IOBs:                  50  out of    173    28%  

---------------------------
Partition Resource Summary:
---------------------------

  No Partitions were found in this design.

---------------------------


=========================================================================
TIMING REPORT

NOTE: THESE TIMING NUMBERS ARE ONLY A SYNTHESIS ESTIMATE.
      FOR ACCURATE TIMING INFORMATION PLEASE REFER TO THE TRACE REPORT
      GENERATED AFTER PLACE-and-ROUTE.

Clock Information:
------------------
No clock signals found in this design

Asynchronous Control Signals Information:
----------------------------------------
No asynchronous control signals found in this design

Timing Summary:
---------------
Speed Grade: -5

   Minimum period: No path found
   Minimum input arrival time before clock: No path found
   Maximum output required time after clock: No path found
   Maximum combinational path delay: 20.323ns

Timing Detail:
--------------
All values displayed in nanoseconds (ns)

=========================================================================
Timing constraint: Default path analysis
  Total number of paths / destination ports: 524 / 17
-------------------------------------------------------------------------
Delay:               20.323ns (Levels of Logic = 13)
  Source:            cin (PAD)
  Destination:       cout (PAD)

  Data Path: cin to cout
                                Gate     Net
    Cell:in->out      fanout   Delay   Delay  Logical Name (Net Name)
    ----------------------------------------  ------------
     IBUF:I->O            19   0.715   1.292  cin_IBUF (cin_IBUF)
     LUT4:I2->O            1   0.479   0.000  uaa_2/Cx_0_or000037_SW02 (uaa_2/Cx_0_or000037_SW01)
     MUXF5:I0->O           1   0.314   0.740  uaa_2/Cx_0_or000037_SW0_f5 (N32)
     LUT4:I2->O            1   0.479   0.740  uaa_2/Cx_0_or000080_SW0 (N30)
     LUT4:I2->O            3   0.479   0.941  uaa_2/Cx_0_or000080 (CarryOut<0>)
     LUT4:I1->O            1   0.479   0.976  uaa_2/Cx_1_or000023 (uaa_2/Cx_1_or000023)
     LUT4:I0->O            3   0.479   0.941  uaa_2/Cx_1_or000058 (CarryOut<1>)
     LUT4:I1->O            1   0.479   0.976  uaa_2/Cx_2_or000023 (uaa_2/Cx_2_or000023)
     LUT4:I0->O            3   0.479   0.830  uaa_2/Cx_2_or000058 (CarryOut<2>)
     LUT4:I2->O            1   0.479   0.740  uaa_2/cout58_SW0 (N24)
     LUT3:I2->O            1   0.479   0.740  uaa_2/cout58_SW1 (N40)
     LUT4:I2->O            1   0.479   0.681  uaa_2/cout58 (cout_OBUF)
     OBUF:I->O                 4.909          cout_OBUF (cout)
    ----------------------------------------
    Total                     20.323ns (10.728ns logic, 9.595ns route)
                                       (52.8% logic, 47.2% route)

=========================================================================


Total REAL time to Xst completion: 6.00 secs
Total CPU time to Xst completion: 5.86 secs
 
--> 

Total memory usage is 239736 kilobytes

Number of errors   :    0 (   0 filtered)
Number of warnings :    0 (   0 filtered)
Number of infos    :    0 (   0 filtered)

