Release 14.7 - xst P.20131013 (nt64)
Copyright (c) 1995-2013 Xilinx, Inc.  All rights reserved.
--> Parameter TMPDIR set to xst/projnav.tmp


Total REAL time to Xst completion: 0.00 secs
Total CPU time to Xst completion: 0.31 secs
 
--> Parameter xsthdpdir set to xst


Total REAL time to Xst completion: 0.00 secs
Total CPU time to Xst completion: 0.31 secs
 
--> Reading design: contador.prj

TABLE OF CONTENTS
  1) Synthesis Options Summary
  2) HDL Compilation
  3) Design Hierarchy Analysis
  4) HDL Analysis
  5) HDL Synthesis
     5.1) HDL Synthesis Report
  6) Advanced HDL Synthesis
     6.1) Advanced HDL Synthesis Report
  7) Low Level Synthesis
  8) Partition Report
  9) Final Report
	9.1) Device utilization summary
	9.2) Partition Resource Summary
	9.3) TIMING REPORT


=========================================================================
*                      Synthesis Options Summary                        *
=========================================================================
---- Source Parameters
Input File Name                    : "contador.prj"
Input Format                       : mixed
Ignore Synthesis Constraint File   : NO

---- Target Parameters
Output File Name                   : "contador"
Output Format                      : NGC
Target Device                      : xc3s1000-5-ft256

---- Source Options
Top Module Name                    : contador
Automatic FSM Extraction           : YES
FSM Encoding Algorithm             : Auto
Safe Implementation                : No
FSM Style                          : LUT
RAM Extraction                     : Yes
RAM Style                          : Auto
ROM Extraction                     : Yes
Mux Style                          : Auto
Decoder Extraction                 : YES
Priority Encoder Extraction        : Yes
Shift Register Extraction          : YES
Logical Shifter Extraction         : YES
XOR Collapsing                     : YES
ROM Style                          : Auto
Mux Extraction                     : Yes
Resource Sharing                   : YES
Asynchronous To Synchronous        : NO
Multiplier Style                   : Auto
Automatic Register Balancing       : No

---- Target Options
Add IO Buffers                     : YES
Global Maximum Fanout              : 100000
Add Generic Clock Buffer(BUFG)     : 8
Register Duplication               : YES
Slice Packing                      : YES
Optimize Instantiated Primitives   : NO
Use Clock Enable                   : Yes
Use Synchronous Set                : Yes
Use Synchronous Reset              : Yes
Pack IO Registers into IOBs        : Auto
Equivalent register Removal        : YES

---- General Options
Optimization Goal                  : Speed
Optimization Effort                : 1
Keep Hierarchy                     : No
Netlist Hierarchy                  : As_Optimized
RTL Output                         : Yes
Global Optimization                : AllClockNets
Read Cores                         : YES
Write Timing Constraints           : NO
Cross Clock Analysis               : NO
Hierarchy Separator                : /
Bus Delimiter                      : <>
Case Specifier                     : Maintain
Slice Utilization Ratio            : 100
BRAM Utilization Ratio             : 100
Verilog 2001                       : YES
Auto BRAM Packing                  : NO
Slice Utilization Ratio Delta      : 5

=========================================================================


=========================================================================
*                          HDL Compilation                              *
=========================================================================
Compiling vhdl file "D:/Kadaiser/Documents/GitHub/TOC/P1b/divisor.vhd" in Library work.
Architecture rtl of Entity divisor is up to date.
Compiling vhdl file "D:/Kadaiser/Documents/GitHub/TOC/P1b/RD.vhd" in Library work.
Architecture circuito of Entity reg_paralelo is up to date.
Compiling vhdl file "D:/Kadaiser/Documents/GitHub/TOC/p1a/sumador.vhd" in Library work.
Architecture behavioral of Entity sumador is up to date.
Compiling vhdl file "D:/Kadaiser/Documents/GitHub/TOC/P1b/contador.vhd" in Library work.
Architecture behavioral of Entity contador is up to date.

=========================================================================
*                     Design Hierarchy Analysis                         *
=========================================================================
Analyzing hierarchy for entity <contador> in library <work> (architecture <behavioral>).

Analyzing hierarchy for entity <reg_paralelo> in library <work> (architecture <circuito>).

Analyzing hierarchy for entity <sumador> in library <work> (architecture <behavioral>).

Analyzing hierarchy for entity <divisor> in library <work> (architecture <rtl>).


=========================================================================
*                            HDL Analysis                               *
=========================================================================
Analyzing Entity <contador> in library <work> (Architecture <behavioral>).
Entity <contador> analyzed. Unit <contador> generated.

Analyzing Entity <reg_paralelo> in library <work> (Architecture <circuito>).
Entity <reg_paralelo> analyzed. Unit <reg_paralelo> generated.

Analyzing Entity <divisor> in library <work> (Architecture <rtl>).
Entity <divisor> analyzed. Unit <divisor> generated.

Analyzing Entity <sumador> in library <work> (Architecture <behavioral>).
Entity <sumador> analyzed. Unit <sumador> generated.


=========================================================================
*                           HDL Synthesis                               *
=========================================================================

Performing bidirectional port resolution...

Synthesizing Unit <sumador>.
    Related source file is "D:/Kadaiser/Documents/GitHub/TOC/p1a/sumador.vhd".
    Found 4-bit adder for signal <C>.
    Summary:
	inferred   1 Adder/Subtractor(s).
Unit <sumador> synthesized.


Synthesizing Unit <divisor>.
    Related source file is "D:/Kadaiser/Documents/GitHub/TOC/P1b/divisor.vhd".
    Found 1-bit register for signal <clk_1hz_reg>.
    Found 25-bit up counter for signal <cntr_reg>.
    Summary:
	inferred   1 Counter(s).
	inferred   1 D-type flip-flop(s).
Unit <divisor> synthesized.


Synthesizing Unit <reg_paralelo>.
    Related source file is "D:/Kadaiser/Documents/GitHub/TOC/P1b/RD.vhd".
    Found 4-bit register for signal <S>.
    Summary:
	inferred   4 D-type flip-flop(s).
Unit <reg_paralelo> synthesized.


Synthesizing Unit <contador>.
    Related source file is "D:/Kadaiser/Documents/GitHub/TOC/P1b/contador.vhd".
Unit <contador> synthesized.


=========================================================================
HDL Synthesis Report

Macro Statistics
# Adders/Subtractors                                   : 1
 4-bit adder                                           : 1
# Counters                                             : 1
 25-bit up counter                                     : 1
# Registers                                            : 2
 1-bit register                                        : 1
 4-bit register                                        : 1

=========================================================================

=========================================================================
*                       Advanced HDL Synthesis                          *
=========================================================================


=========================================================================
Advanced HDL Synthesis Report

Macro Statistics
# Adders/Subtractors                                   : 1
 4-bit adder                                           : 1
# Counters                                             : 1
 25-bit up counter                                     : 1
# Registers                                            : 5
 Flip-Flops                                            : 5

=========================================================================

=========================================================================
*                         Low Level Synthesis                           *
=========================================================================

Optimizing unit <contador> ...

Mapping all equations...
Building and optimizing final netlist ...
Found area constraint ratio of 100 (+ 5) on block contador, actual ratio is 0.

Final Macro Processing ...

=========================================================================
Final Register Report

Macro Statistics
# Registers                                            : 30
 Flip-Flops                                            : 30

=========================================================================

=========================================================================
*                           Partition Report                            *
=========================================================================

Partition Implementation Status
-------------------------------

  No Partitions were found in this design.

-------------------------------

=========================================================================
*                            Final Report                               *
=========================================================================
Final Results
RTL Top Level Output File Name     : contador.ngr
Top Level Output File Name         : contador
Output Format                      : NGC
Optimization Goal                  : Speed
Keep Hierarchy                     : No

Design Statistics
# IOs                              : 7

Cell Usage :
# BELS                             : 120
#      GND                         : 1
#      INV                         : 3
#      LUT1                        : 25
#      LUT2                        : 26
#      LUT3                        : 1
#      LUT4                        : 7
#      MUXCY                       : 31
#      VCC                         : 1
#      XORCY                       : 25
# FlipFlops/Latches                : 30
#      FDC                         : 25
#      FDCE                        : 5
# Clock Buffers                    : 1
#      BUFGP                       : 1
# IO Buffers                       : 6
#      IBUF                        : 2
#      OBUF                        : 4
=========================================================================

Device utilization summary:
---------------------------

Selected Device : 3s1000ft256-5 

 Number of Slices:                       34  out of   7680     0%  
 Number of Slice Flip Flops:             30  out of  15360     0%  
 Number of 4 input LUTs:                 62  out of  15360     0%  
 Number of IOs:                           7
 Number of bonded IOBs:                   7  out of    173     4%  
 Number of GCLKs:                         1  out of      8    12%  

---------------------------
Partition Resource Summary:
---------------------------

  No Partitions were found in this design.

---------------------------


=========================================================================
TIMING REPORT

NOTE: THESE TIMING NUMBERS ARE ONLY A SYNTHESIS ESTIMATE.
      FOR ACCURATE TIMING INFORMATION PLEASE REFER TO THE TRACE REPORT
      GENERATED AFTER PLACE-and-ROUTE.

Clock Information:
------------------
----------------------------------------+---------------------------+-------+
Clock Signal                            | Clock buffer(FF name)     | Load  |
----------------------------------------+---------------------------+-------+
clk_100mhz                              | BUFGP                     | 26    |
mod_reg_paralelo/Nuevo_reloj/clk_1hz_reg| NONE(mod_reg_paralelo/S_3)| 4     |
----------------------------------------+---------------------------+-------+
INFO:Xst:2169 - HDL ADVISOR - Some clock signals were not automatically buffered by XST with BUFG/BUFR resources. Please use the buffer_type constraint in order to insert these buffers to the clock signals to help prevent skew problems.

Asynchronous Control Signals Information:
----------------------------------------
-----------------------------------+------------------------+-------+
Control Signal                     | Buffer(FF name)        | Load  |
-----------------------------------+------------------------+-------+
rst                                | IBUF                   | 30    |
-----------------------------------+------------------------+-------+

Timing Summary:
---------------
Speed Grade: -5

   Minimum period: 6.093ns (Maximum Frequency: 164.115MHz)
   Minimum input arrival time before clock: 2.018ns
   Maximum output required time after clock: 6.318ns
   Maximum combinational path delay: No path found

Timing Detail:
--------------
All values displayed in nanoseconds (ns)

=========================================================================
Timing constraint: Default period analysis for Clock 'clk_100mhz'
  Clock period: 6.093ns (frequency: 164.115MHz)
  Total number of paths / destination ports: 976 / 27
-------------------------------------------------------------------------
Delay:               6.093ns (Levels of Logic = 26)
  Source:            mod_reg_paralelo/Nuevo_reloj/cntr_reg_1 (FF)
  Destination:       mod_reg_paralelo/Nuevo_reloj/cntr_reg_24 (FF)
  Source Clock:      clk_100mhz rising
  Destination Clock: clk_100mhz rising

  Data Path: mod_reg_paralelo/Nuevo_reloj/cntr_reg_1 to mod_reg_paralelo/Nuevo_reloj/cntr_reg_24
                                Gate     Net
    Cell:in->out      fanout   Delay   Delay  Logical Name (Net Name)
    ----------------------------------------  ------------
     FDC:C->Q              2   0.626   1.040  mod_reg_paralelo/Nuevo_reloj/cntr_reg_1 (mod_reg_paralelo/Nuevo_reloj/cntr_reg_1)
     LUT1:I0->O            1   0.479   0.000  mod_reg_paralelo/Nuevo_reloj/Mcount_cntr_reg_cy<1>_rt (mod_reg_paralelo/Nuevo_reloj/Mcount_cntr_reg_cy<1>_rt)
     MUXCY:S->O            1   0.435   0.000  mod_reg_paralelo/Nuevo_reloj/Mcount_cntr_reg_cy<1> (mod_reg_paralelo/Nuevo_reloj/Mcount_cntr_reg_cy<1>)
     MUXCY:CI->O           1   0.056   0.000  mod_reg_paralelo/Nuevo_reloj/Mcount_cntr_reg_cy<2> (mod_reg_paralelo/Nuevo_reloj/Mcount_cntr_reg_cy<2>)
     MUXCY:CI->O           1   0.056   0.000  mod_reg_paralelo/Nuevo_reloj/Mcount_cntr_reg_cy<3> (mod_reg_paralelo/Nuevo_reloj/Mcount_cntr_reg_cy<3>)
     MUXCY:CI->O           1   0.056   0.000  mod_reg_paralelo/Nuevo_reloj/Mcount_cntr_reg_cy<4> (mod_reg_paralelo/Nuevo_reloj/Mcount_cntr_reg_cy<4>)
     MUXCY:CI->O           1   0.056   0.000  mod_reg_paralelo/Nuevo_reloj/Mcount_cntr_reg_cy<5> (mod_reg_paralelo/Nuevo_reloj/Mcount_cntr_reg_cy<5>)
     MUXCY:CI->O           1   0.056   0.000  mod_reg_paralelo/Nuevo_reloj/Mcount_cntr_reg_cy<6> (mod_reg_paralelo/Nuevo_reloj/Mcount_cntr_reg_cy<6>)
     MUXCY:CI->O           1   0.056   0.000  mod_reg_paralelo/Nuevo_reloj/Mcount_cntr_reg_cy<7> (mod_reg_paralelo/Nuevo_reloj/Mcount_cntr_reg_cy<7>)
     MUXCY:CI->O           1   0.056   0.000  mod_reg_paralelo/Nuevo_reloj/Mcount_cntr_reg_cy<8> (mod_reg_paralelo/Nuevo_reloj/Mcount_cntr_reg_cy<8>)
     MUXCY:CI->O           1   0.056   0.000  mod_reg_paralelo/Nuevo_reloj/Mcount_cntr_reg_cy<9> (mod_reg_paralelo/Nuevo_reloj/Mcount_cntr_reg_cy<9>)
     MUXCY:CI->O           1   0.056   0.000  mod_reg_paralelo/Nuevo_reloj/Mcount_cntr_reg_cy<10> (mod_reg_paralelo/Nuevo_reloj/Mcount_cntr_reg_cy<10>)
     MUXCY:CI->O           1   0.056   0.000  mod_reg_paralelo/Nuevo_reloj/Mcount_cntr_reg_cy<11> (mod_reg_paralelo/Nuevo_reloj/Mcount_cntr_reg_cy<11>)
     MUXCY:CI->O           1   0.056   0.000  mod_reg_paralelo/Nuevo_reloj/Mcount_cntr_reg_cy<12> (mod_reg_paralelo/Nuevo_reloj/Mcount_cntr_reg_cy<12>)
     MUXCY:CI->O           1   0.056   0.000  mod_reg_paralelo/Nuevo_reloj/Mcount_cntr_reg_cy<13> (mod_reg_paralelo/Nuevo_reloj/Mcount_cntr_reg_cy<13>)
     MUXCY:CI->O           1   0.056   0.000  mod_reg_paralelo/Nuevo_reloj/Mcount_cntr_reg_cy<14> (mod_reg_paralelo/Nuevo_reloj/Mcount_cntr_reg_cy<14>)
     MUXCY:CI->O           1   0.056   0.000  mod_reg_paralelo/Nuevo_reloj/Mcount_cntr_reg_cy<15> (mod_reg_paralelo/Nuevo_reloj/Mcount_cntr_reg_cy<15>)
     MUXCY:CI->O           1   0.056   0.000  mod_reg_paralelo/Nuevo_reloj/Mcount_cntr_reg_cy<16> (mod_reg_paralelo/Nuevo_reloj/Mcount_cntr_reg_cy<16>)
     MUXCY:CI->O           1   0.056   0.000  mod_reg_paralelo/Nuevo_reloj/Mcount_cntr_reg_cy<17> (mod_reg_paralelo/Nuevo_reloj/Mcount_cntr_reg_cy<17>)
     MUXCY:CI->O           1   0.056   0.000  mod_reg_paralelo/Nuevo_reloj/Mcount_cntr_reg_cy<18> (mod_reg_paralelo/Nuevo_reloj/Mcount_cntr_reg_cy<18>)
     MUXCY:CI->O           1   0.056   0.000  mod_reg_paralelo/Nuevo_reloj/Mcount_cntr_reg_cy<19> (mod_reg_paralelo/Nuevo_reloj/Mcount_cntr_reg_cy<19>)
     MUXCY:CI->O           1   0.056   0.000  mod_reg_paralelo/Nuevo_reloj/Mcount_cntr_reg_cy<20> (mod_reg_paralelo/Nuevo_reloj/Mcount_cntr_reg_cy<20>)
     MUXCY:CI->O           1   0.056   0.000  mod_reg_paralelo/Nuevo_reloj/Mcount_cntr_reg_cy<21> (mod_reg_paralelo/Nuevo_reloj/Mcount_cntr_reg_cy<21>)
     MUXCY:CI->O           1   0.056   0.000  mod_reg_paralelo/Nuevo_reloj/Mcount_cntr_reg_cy<22> (mod_reg_paralelo/Nuevo_reloj/Mcount_cntr_reg_cy<22>)
     MUXCY:CI->O           0   0.056   0.000  mod_reg_paralelo/Nuevo_reloj/Mcount_cntr_reg_cy<23> (mod_reg_paralelo/Nuevo_reloj/Mcount_cntr_reg_cy<23>)
     XORCY:CI->O           1   0.786   0.851  mod_reg_paralelo/Nuevo_reloj/Mcount_cntr_reg_xor<24> (Result<24>)
     LUT2:I1->O            1   0.479   0.000  mod_reg_paralelo/Nuevo_reloj/Mcount_cntr_reg_eqn_241 (mod_reg_paralelo/Nuevo_reloj/Mcount_cntr_reg_eqn_24)
     FDC:D                     0.176          mod_reg_paralelo/Nuevo_reloj/cntr_reg_24
    ----------------------------------------
    Total                      6.093ns (4.202ns logic, 1.891ns route)
                                       (69.0% logic, 31.0% route)

=========================================================================
Timing constraint: Default period analysis for Clock 'mod_reg_paralelo/Nuevo_reloj/clk_1hz_reg'
  Clock period: 2.745ns (frequency: 364.339MHz)
  Total number of paths / destination ports: 10 / 4
-------------------------------------------------------------------------
Delay:               2.745ns (Levels of Logic = 1)
  Source:            mod_reg_paralelo/S_0 (FF)
  Destination:       mod_reg_paralelo/S_0 (FF)
  Source Clock:      mod_reg_paralelo/Nuevo_reloj/clk_1hz_reg rising
  Destination Clock: mod_reg_paralelo/Nuevo_reloj/clk_1hz_reg rising

  Data Path: mod_reg_paralelo/S_0 to mod_reg_paralelo/S_0
                                Gate     Net
    Cell:in->out      fanout   Delay   Delay  Logical Name (Net Name)
    ----------------------------------------  ------------
     FDCE:C->Q             5   0.626   0.783  mod_reg_paralelo/S_0 (mod_reg_paralelo/S_0)
     INV:I->O              1   0.479   0.681  mod_sumador/Madd_C_xor<0>11_INV_0 (reg_in<0>)
     FDCE:D                    0.176          mod_reg_paralelo/S_0
    ----------------------------------------
    Total                      2.745ns (1.281ns logic, 1.464ns route)
                                       (46.7% logic, 53.3% route)

=========================================================================
Timing constraint: Default OFFSET IN BEFORE for Clock 'mod_reg_paralelo/Nuevo_reloj/clk_1hz_reg'
  Total number of paths / destination ports: 4 / 4
-------------------------------------------------------------------------
Offset:              2.018ns (Levels of Logic = 1)
  Source:            load (PAD)
  Destination:       mod_reg_paralelo/S_3 (FF)
  Destination Clock: mod_reg_paralelo/Nuevo_reloj/clk_1hz_reg rising

  Data Path: load to mod_reg_paralelo/S_3
                                Gate     Net
    Cell:in->out      fanout   Delay   Delay  Logical Name (Net Name)
    ----------------------------------------  ------------
     IBUF:I->O             4   0.715   0.779  load_IBUF (load_IBUF)
     FDCE:CE                   0.524          mod_reg_paralelo/S_0
    ----------------------------------------
    Total                      2.018ns (1.239ns logic, 0.779ns route)
                                       (61.4% logic, 38.6% route)

=========================================================================
Timing constraint: Default OFFSET OUT AFTER for Clock 'mod_reg_paralelo/Nuevo_reloj/clk_1hz_reg'
  Total number of paths / destination ports: 4 / 4
-------------------------------------------------------------------------
Offset:              6.318ns (Levels of Logic = 1)
  Source:            mod_reg_paralelo/S_0 (FF)
  Destination:       Z<0> (PAD)
  Source Clock:      mod_reg_paralelo/Nuevo_reloj/clk_1hz_reg rising

  Data Path: mod_reg_paralelo/S_0 to Z<0>
                                Gate     Net
    Cell:in->out      fanout   Delay   Delay  Logical Name (Net Name)
    ----------------------------------------  ------------
     FDCE:C->Q             5   0.626   0.783  mod_reg_paralelo/S_0 (mod_reg_paralelo/S_0)
     OBUF:I->O                 4.909          Z_0_OBUF (Z<0>)
    ----------------------------------------
    Total                      6.318ns (5.535ns logic, 0.783ns route)
                                       (87.6% logic, 12.4% route)

=========================================================================


Total REAL time to Xst completion: 14.00 secs
Total CPU time to Xst completion: 14.19 secs
 
--> 

Total memory usage is 235512 kilobytes

Number of errors   :    0 (   0 filtered)
Number of warnings :    0 (   0 filtered)
Number of infos    :    1 (   0 filtered)

